#
# There is insufficient memory for the Java Runtime Environment to continue.
# Native memory allocation (malloc) failed to allocate 1091056 bytes. Error detail: Chunk::new
# Possible reasons:
#   The system is out of physical RAM or swap space
#   This process is running with CompressedOops enabled, and the Java Heap may be blocking the growth of the native heap
# Possible solutions:
#   Reduce memory load on the system
#   Increase physical memory or swap space
#   Check if swap backing store is full
#   Decrease Java heap size (-Xmx/-Xms)
#   Decrease number of Java threads
#   Decrease Java thread stack sizes (-Xss)
#   Set larger code cache with -XX:ReservedCodeCacheSize=
#   JVM is running with Unscaled Compressed Oops mode in which the Java heap is
#     placed in the first 4GB address space. The Java Heap base address is the
#     maximum limit for the native heap growth. Please use -XX:HeapBaseMinAddress
#     to set the Java Heap base and to place the Java Heap above 4GB virtual address.
# This output file may be truncated or incomplete.
#
#  Out of Memory Error (arena.cpp:168), pid=21876, tid=30328
#
# JRE version: OpenJDK Runtime Environment Temurin-21.0.10+7 (21.0.10+7) (build 21.0.10+7-LTS)
# Java VM: OpenJDK 64-Bit Server VM Temurin-21.0.10+7 (21.0.10+7-LTS, mixed mode, sharing, tiered, compressed oops, compressed class ptrs, parallel gc, windows-amd64)
# No core dump will be written. Minidumps are not enabled by default on client versions of Windows
#

---------------  S U M M A R Y ------------

Command Line: --add-modules=ALL-SYSTEM --add-opens=java.base/java.util=ALL-UNNAMED --add-opens=java.base/java.lang=ALL-UNNAMED --add-opens=java.base/sun.nio.fs=ALL-UNNAMED -Declipse.application=org.eclipse.jdt.ls.core.id1 -Dosgi.bundles.defaultStartLevel=4 -Declipse.product=org.eclipse.jdt.ls.core.product -Djava.import.generatesMetadataFilesAtProjectRoot=false -DDetectVMInstallationsJob.disabled=true -Dfile.encoding=utf8 -XX:+UseParallelGC -XX:GCTimeRatio=4 -XX:AdaptiveSizePolicyWeight=90 -Dsun.zip.disableMemoryMapping=true -Xmx2G -Xms100m -Xlog:disable -javaagent:c:\Users\habdi\.vscode\extensions\redhat.java-1.53.0-win32-x64\lombok\lombok-1.18.39-4050.jar c:\Users\habdi\.vscode\extensions\redhat.java-1.53.0-win32-x64\server\plugins\org.eclipse.equinox.launcher_1.7.100.v20251111-0406.jar -configuration c:\Users\habdi\AppData\Roaming\Code\User\globalStorage\redhat.java\1.53.0\config_ss_win -data c:\Users\habdi\AppData\Roaming\Code\User\workspaceStorage\556e48902153e7dc08df537ceeb3eff8\redhat.java\ss_ws --pipe=\\.\pipe\lsp-73476f844aaada56edc2d9abf96fbd83-sock

Host: AMD Ryzen 7 7735HS with Radeon Graphics        , 16 cores, 5G,  Windows 11 , 64 bit Build 26100 (10.0.26100.7920)
Time: Wed Mar 18 11:59:59 2026 Hora oficial do Brasil elapsed time: 6.855831 seconds (0d 0h 0m 6s)

---------------  T H R E A D  ---------------

Current thread (0x0000024ae87ee580):  JavaThread "C2 CompilerThread0" daemon [_thread_in_native, id=30328, stack(0x0000005249f00000,0x000000524a000000) (1024K)]


Current CompileTask:
C2:6855 3324       4       java.lang.invoke.MethodType::makeImpl (109 bytes)

Stack: [0x0000005249f00000,0x000000524a000000]
Native frames: (J=compiled Java code, j=interpreted, Vv=VM code, C=native code)
V  [jvm.dll+0x6d7a39]
V  [jvm.dll+0x8b4b26]
V  [jvm.dll+0x8b70de]
V  [jvm.dll+0x8b77c3]
V  [jvm.dll+0x284346]
V  [jvm.dll+0xc66ed]
V  [jvm.dll+0xc6c31]
V  [jvm.dll+0x3bec01]
V  [jvm.dll+0x1e3f69]
V  [jvm.dll+0x24c6b3]
V  [jvm.dll+0x24bb40]
V  [jvm.dll+0x1cb34e]
V  [jvm.dll+0x25b85d]
V  [jvm.dll+0x259dea]
V  [jvm.dll+0x3f857e]
V  [jvm.dll+0x85f59d]
V  [jvm.dll+0x6d626d]
C  [ucrtbase.dll+0x37b0]
C  [KERNEL32.DLL+0x2e8d7]
C  [ntdll.dll+0x8c48c]


---------------  P R O C E S S  ---------------

Threads class SMR info:
_java_thread_list=0x0000024ac82129d0, length=40, elements={
0x0000024ae8729ee0, 0x0000024ae86ddd00, 0x0000024ae87cff60, 0x0000024ae87e2660,
0x0000024ae87e3320, 0x0000024ae87e4250, 0x0000024ae87e8d20, 0x0000024ae87ee580,
0x0000024ac14d1fa0, 0x0000024ae87e8690, 0x0000024ae87eb480, 0x0000024ae87e93b0,
0x0000024ae87e9a40, 0x0000024ae87ea760, 0x0000024ae87e8000, 0x0000024ae87eadf0,
0x0000024ac7ce1ef0, 0x0000024ac7ce04b0, 0x0000024ac7ce0b40, 0x0000024ac7ce1860,
0x0000024ac7ce11d0, 0x0000024ac7cdf790, 0x0000024ac7cdea70, 0x0000024ac7ce2580,
0x0000024ac7cdf100, 0x0000024ac7ce2c10, 0x0000024ac7ce32a0, 0x0000024ac7cdfe20,
0x0000024ac7ce3fc0, 0x0000024ac7ce6090, 0x0000024ac7ce4650, 0x0000024ac7ce4ce0,
0x0000024ac7ce3930, 0x0000024ac7ce5370, 0x0000024ac7ce5a00, 0x0000024ac7435a80,
0x0000024ac74346d0, 0x0000024ac74353f0, 0x0000024ac7432600, 0x0000024ac7436110
}

Java Threads: ( => current thread )
  0x0000024ae8729ee0 JavaThread "main"                              [_thread_blocked, id=29184, stack(0x0000005249500000,0x0000005249600000) (1024K)]
  0x0000024ae86ddd00 JavaThread "Reference Handler"          daemon [_thread_blocked, id=23348, stack(0x0000005249900000,0x0000005249a00000) (1024K)]
  0x0000024ae87cff60 JavaThread "Finalizer"                  daemon [_thread_blocked, id=10916, stack(0x0000005249a00000,0x0000005249b00000) (1024K)]
  0x0000024ae87e2660 JavaThread "Signal Dispatcher"          daemon [_thread_blocked, id=30196, stack(0x0000005249b00000,0x0000005249c00000) (1024K)]
  0x0000024ae87e3320 JavaThread "Attach Listener"            daemon [_thread_blocked, id=25896, stack(0x0000005249c00000,0x0000005249d00000) (1024K)]
  0x0000024ae87e4250 JavaThread "Service Thread"             daemon [_thread_blocked, id=22488, stack(0x0000005249d00000,0x0000005249e00000) (1024K)]
  0x0000024ae87e8d20 JavaThread "Monitor Deflation Thread"   daemon [_thread_blocked, id=19360, stack(0x0000005249e00000,0x0000005249f00000) (1024K)]
=>0x0000024ae87ee580 JavaThread "C2 CompilerThread0"         daemon [_thread_in_native, id=30328, stack(0x0000005249f00000,0x000000524a000000) (1024K)]
  0x0000024ac14d1fa0 JavaThread "C1 CompilerThread0"         daemon [_thread_blocked, id=23220, stack(0x000000524a000000,0x000000524a100000) (1024K)]
  0x0000024ae87e8690 JavaThread "Common-Cleaner"             daemon [_thread_blocked, id=22632, stack(0x000000524a100000,0x000000524a200000) (1024K)]
  0x0000024ae87eb480 JavaThread "Notification Thread"        daemon [_thread_blocked, id=24964, stack(0x000000524a200000,0x000000524a300000) (1024K)]
  0x0000024ae87e93b0 JavaThread "Active Thread: Equinox Container: 41315be1-7429-4806-84bc-0d0dac2e81c1"        [_thread_blocked, id=9016, stack(0x000000524ab00000,0x000000524ac00000) (1024K)]
  0x0000024ae87e9a40 JavaThread "Framework Event Dispatcher: Equinox Container: 41315be1-7429-4806-84bc-0d0dac2e81c1" daemon [_thread_blocked, id=16744, stack(0x000000524ac00000,0x000000524ad00000) (1024K)]
  0x0000024ae87ea760 JavaThread "Start Level: Equinox Container: 41315be1-7429-4806-84bc-0d0dac2e81c1" daemon [_thread_blocked, id=25884, stack(0x000000524ad00000,0x000000524ae00000) (1024K)]
  0x0000024ae87e8000 JavaThread "SCR Component Actor"        daemon [_thread_blocked, id=10264, stack(0x000000524af00000,0x000000524b000000) (1024K)]
  0x0000024ae87eadf0 JavaThread "Worker-JM"                         [_thread_blocked, id=17308, stack(0x000000524b000000,0x000000524b100000) (1024K)]
  0x0000024ac7ce1ef0 JavaThread "Worker-0"                          [_thread_blocked, id=20048, stack(0x000000524b300000,0x000000524b400000) (1024K)]
  0x0000024ac7ce04b0 JavaThread "Worker-1"                          [_thread_blocked, id=27508, stack(0x000000524b400000,0x000000524b500000) (1024K)]
  0x0000024ac7ce0b40 JavaThread "Worker-2"                          [_thread_blocked, id=26440, stack(0x000000524b800000,0x000000524b900000) (1024K)]
  0x0000024ac7ce1860 JavaThread "JNA Cleaner"                daemon [_thread_blocked, id=29012, stack(0x000000524a900000,0x000000524aa00000) (1024K)]
  0x0000024ac7ce11d0 JavaThread "Thread-1"                   daemon [_thread_in_native, id=3128, stack(0x000000524ba00000,0x000000524bb00000) (1024K)]
  0x0000024ac7cdf790 JavaThread "Thread-2"                   daemon [_thread_in_native, id=9468, stack(0x000000524bb00000,0x000000524bc00000) (1024K)]
  0x0000024ac7cdea70 JavaThread "Thread-3"                   daemon [_thread_in_native, id=4712, stack(0x000000524bc00000,0x000000524bd00000) (1024K)]
  0x0000024ac7ce2580 JavaThread "Thread-4"                   daemon [_thread_in_native, id=10996, stack(0x000000524bd00000,0x000000524be00000) (1024K)]
  0x0000024ac7cdf100 JavaThread "Thread-5"                   daemon [_thread_in_native, id=30012, stack(0x000000524be00000,0x000000524bf00000) (1024K)]
  0x0000024ac7ce2c10 JavaThread "Thread-6"                   daemon [_thread_in_native, id=26664, stack(0x000000524bf00000,0x000000524c000000) (1024K)]
  0x0000024ac7ce32a0 JavaThread "Thread-7"                   daemon [_thread_in_native, id=10648, stack(0x000000524c000000,0x000000524c100000) (1024K)]
  0x0000024ac7cdfe20 JavaThread "Thread-8"                   daemon [_thread_in_native, id=26052, stack(0x000000524c100000,0x000000524c200000) (1024K)]
  0x0000024ac7ce3fc0 JavaThread "Thread-9"                   daemon [_thread_in_native, id=27412, stack(0x000000524c200000,0x000000524c300000) (1024K)]
  0x0000024ac7ce6090 JavaThread "Thread-10"                  daemon [_thread_in_native, id=18472, stack(0x000000524c300000,0x000000524c400000) (1024K)]
  0x0000024ac7ce4650 JavaThread "Thread-11"                  daemon [_thread_in_native, id=25472, stack(0x000000524c400000,0x000000524c500000) (1024K)]
  0x0000024ac7ce4ce0 JavaThread "Thread-12"                  daemon [_thread_in_native, id=27476, stack(0x000000524c500000,0x000000524c600000) (1024K)]
  0x0000024ac7ce3930 JavaThread "Thread-13"                  daemon [_thread_in_native, id=30404, stack(0x000000524c600000,0x000000524c700000) (1024K)]
  0x0000024ac7ce5370 JavaThread "Thread-14"                  daemon [_thread_in_native, id=26872, stack(0x000000524c700000,0x000000524c800000) (1024K)]
  0x0000024ac7ce5a00 JavaThread "Thread-15"                  daemon [_thread_in_native, id=6792, stack(0x000000524c800000,0x000000524c900000) (1024K)]
  0x0000024ac7435a80 JavaThread "Thread-16"                  daemon [_thread_in_native, id=22776, stack(0x000000524c900000,0x000000524ca00000) (1024K)]
  0x0000024ac74346d0 JavaThread "Thread-17"                  daemon [_thread_in_native, id=23268, stack(0x000000524ca00000,0x000000524cb00000) (1024K)]
  0x0000024ac74353f0 JavaThread "pool-2-thread-1"                   [_thread_blocked, id=30512, stack(0x000000524cb00000,0x000000524cc00000) (1024K)]
  0x0000024ac7432600 JavaThread "WorkspaceEventsHandler"            [_thread_blocked, id=18060, stack(0x000000524cd00000,0x000000524ce00000) (1024K)]
  0x0000024ac7436110 JavaThread "pool-1-thread-1"                   [_thread_in_vm, id=30104, stack(0x000000524ce00000,0x000000524cf00000) (1024K)]
Total: 40

Other Threads:
  0x0000024ae87ce8a0 VMThread "VM Thread"                           [id=17508, stack(0x0000005249800000,0x0000005249900000) (1024K)]
  0x0000024ae85bca00 WatcherThread "VM Periodic Task Thread"        [id=20088, stack(0x0000005249700000,0x0000005249800000) (1024K)]
  0x0000024ae874a740 WorkerThread "GC Thread#0"                     [id=16172, stack(0x0000005249600000,0x0000005249700000) (1024K)]
  0x0000024ac71ec3a0 WorkerThread "GC Thread#1"                     [id=17840, stack(0x000000524a300000,0x000000524a400000) (1024K)]
  0x0000024ac71ec750 WorkerThread "GC Thread#2"                     [id=3328, stack(0x000000524a400000,0x000000524a500000) (1024K)]
  0x0000024ac71ecb00 WorkerThread "GC Thread#3"                     [id=8752, stack(0x000000524a500000,0x000000524a600000) (1024K)]
  0x0000024ac7098540 WorkerThread "GC Thread#4"                     [id=11560, stack(0x000000524a600000,0x000000524a700000) (1024K)]
  0x0000024ac70988f0 WorkerThread "GC Thread#5"                     [id=24444, stack(0x000000524a700000,0x000000524a800000) (1024K)]
  0x0000024ac7098ca0 WorkerThread "GC Thread#6"                     [id=9200, stack(0x000000524a800000,0x000000524a900000) (1024K)]
  0x0000024ac75c2db0 WorkerThread "GC Thread#7"                     [id=25932, stack(0x000000524ae00000,0x000000524af00000) (1024K)]
  0x0000024ac7caf7b0 WorkerThread "GC Thread#8"                     [id=16676, stack(0x000000524b100000,0x000000524b200000) (1024K)]
  0x0000024ac7c79f20 WorkerThread "GC Thread#9"                     [id=15140, stack(0x000000524b200000,0x000000524b300000) (1024K)]
  0x0000024ac7ed7510 WorkerThread "GC Thread#10"                    [id=23604, stack(0x000000524b500000,0x000000524b600000) (1024K)]
  0x0000024ac7ed7cd0 WorkerThread "GC Thread#11"                    [id=28008, stack(0x000000524b600000,0x000000524b700000) (1024K)]
  0x0000024ac7ed8080 WorkerThread "GC Thread#12"                    [id=23376, stack(0x000000524b700000,0x000000524b800000) (1024K)]
Total: 15

Threads with active compile tasks:
C2 CompilerThread0  6896 3324       4       java.lang.invoke.MethodType::makeImpl (109 bytes)
Total: 1

VM state: not at safepoint (normal execution)

VM Mutex/Monitor currently owned by a thread: None

Heap address: 0x0000000080000000, size: 2048 MB, Compressed Oops mode: 32-bit

CDS archive(s) mapped at: [0x0000024a80000000-0x0000024a80ba0000-0x0000024a80ba0000), size 12189696, SharedBaseAddress: 0x0000024a80000000, ArchiveRelocationMode: 1.
Compressed class space mapped at: 0x0000024a81000000-0x0000024ac1000000, reserved size: 1073741824
Narrow klass base: 0x0000024a80000000, Narrow klass shift: 0, Narrow klass range: 0x100000000

GC Precious Log:
 CardTable entry size: 512
 CPUs: 16 total, 16 available
 Memory: 5828M
 Large Page Support: Disabled
 NUMA Support: Disabled
 Compressed Oops: Enabled (32-bit)
 Alignments: Space 512K, Generation 512K, Heap 2M
 Heap Min Capacity: 100M
 Heap Initial Capacity: 100M
 Heap Max Capacity: 2G
 Pre-touch: Disabled
 Parallel Workers: 13

Heap:
 PSYoungGen      total 27136K, used 14286K [0x00000000d5580000, 0x00000000d7480000, 0x0000000100000000)
  eden space 23040K, 46% used [0x00000000d5580000,0x00000000d5fe8a18,0x00000000d6c00000)
  from space 4096K, 88% used [0x00000000d7080000,0x00000000d740b140,0x00000000d7480000)
  to   space 4096K, 0% used [0x00000000d6c80000,0x00000000d6c80000,0x00000000d7080000)
 ParOldGen       total 68608K, used 9963K [0x0000000080000000, 0x0000000084300000, 0x00000000d5580000)
  object space 68608K, 14% used [0x0000000080000000,0x00000000809baf60,0x0000000084300000)
 Metaspace       used 29196K, committed 30080K, reserved 1114112K
  class space    used 2932K, committed 3328K, reserved 1048576K

Card table byte_map: [0x0000024ae80d0000,0x0000024ae84e0000] _byte_map_base: 0x0000024ae7cd0000

Marking Bits: (ParMarkBitMap*) 0x00007ffdefcc3450
 Begin Bits: [0x0000024afabe0000, 0x0000024afcbe0000)
 End Bits:   [0x0000024afcbe0000, 0x0000024afebe0000)

Polling page: 0x0000024ae6550000

Metaspace:

Usage:
  Non-class:     25.65 MB used.
      Class:      2.86 MB used.
       Both:     28.52 MB used.

Virtual space:
  Non-class space:       64.00 MB reserved,      26.12 MB ( 41%) committed,  1 nodes.
      Class space:        1.00 GB reserved,       3.25 MB ( <1%) committed,  1 nodes.
             Both:        1.06 GB reserved,      29.38 MB (  3%) committed. 

Chunk freelists:
   Non-Class:  5.55 MB
       Class:  12.61 MB
        Both:  18.16 MB

MaxMetaspaceSize: unlimited
CompressedClassSpaceSize: 1.00 GB
Initial GC threshold: 21.00 MB
Current GC threshold: 35.00 MB
CDS: on
 - commit_granule_bytes: 65536.
 - commit_granule_words: 8192.
 - virtual_space_node_default_size: 8388608.
 - enlarge_chunks_in_place: 1.
 - use_allocation_guard: 0.


Internal statistics:

num_allocs_failed_limit: 3.
num_arena_births: 540.
num_arena_deaths: 14.
num_vsnodes_births: 2.
num_vsnodes_deaths: 0.
num_space_committed: 470.
num_space_uncommitted: 0.
num_chunks_returned_to_freelist: 17.
num_chunks_taken_from_freelist: 1642.
num_chunk_merges: 9.
num_chunk_splits: 1072.
num_chunks_enlarged: 718.
num_inconsistent_stats: 0.

CodeHeap 'non-profiled nmethods': size=119168Kb used=1379Kb max_used=1379Kb free=117788Kb
 bounds [0x0000024af34d0000, 0x0000024af3740000, 0x0000024afa930000]
CodeHeap 'profiled nmethods': size=119104Kb used=7201Kb max_used=7201Kb free=111903Kb
 bounds [0x0000024aeb930000, 0x0000024aec040000, 0x0000024af2d80000]
CodeHeap 'non-nmethods': size=7488Kb used=1344Kb max_used=2474Kb free=6143Kb
 bounds [0x0000024af2d80000, 0x0000024af2ff0000, 0x0000024af34d0000]
CodeCache: size=245760Kb, used=9924Kb, max_used=11054Kb, free=235834Kb
 total_blobs=4152, nmethods=3518, adapters=540, full_count=0
Compilation: enabled, stopped_count=0, restarted_count=0

Compilation events (20 events):
Event: 5.779 Thread 0x0000024ac72073f0 3510       3       java.lang.Character::digit (6 bytes)
Event: 5.779 Thread 0x0000024ac14d1fa0 3511       3       java.lang.CharacterDataLatin1::digit (32 bytes)
Event: 5.779 Thread 0x0000024ac72073f0 nmethod 3510 0x0000024aec02c490 code [0x0000024aec02c660, 0x0000024aec02c8c0]
Event: 5.779 Thread 0x0000024ac14d1fa0 nmethod 3511 0x0000024aec02ca10 code [0x0000024aec02cbc0, 0x0000024aec02ce00]
Event: 5.780 Thread 0x0000024ac14d1fa0 3513       3       java.io.Writer::write (11 bytes)
Event: 5.780 Thread 0x0000024ac72073f0 3515       3       java.io.BufferedWriter::implWrite (100 bytes)
Event: 5.780 Thread 0x0000024ac14d1fa0 nmethod 3513 0x0000024aec02cf10 code [0x0000024aec02d0e0, 0x0000024aec02d3c0]
Event: 5.780 Thread 0x0000024ac14d1fa0 3514   !   3       java.io.BufferedWriter::write (82 bytes)
Event: 5.780 Thread 0x0000024ac72073f0 nmethod 3515 0x0000024aec02d510 code [0x0000024aec02d720, 0x0000024aec02dc38]
Event: 5.780 Thread 0x0000024ac72073f0 3516       3       java.io.BufferedWriter::growIfNeeded (63 bytes)
Event: 5.780 Thread 0x0000024ac72073f0 nmethod 3516 0x0000024aec02de90 code [0x0000024aec02e040, 0x0000024aec02e2e0]
Event: 5.780 Thread 0x0000024ac72073f0 3517       3       java.io.BufferedWriter::min (9 bytes)
Event: 5.780 Thread 0x0000024ac72073f0 nmethod 3517 0x0000024aec02e410 code [0x0000024aec02e5c0, 0x0000024aec02e728]
Event: 5.781 Thread 0x0000024ac14d1fa0 nmethod 3514 0x0000024aec02e790 code [0x0000024aec02ea40, 0x0000024aec02f8b8]
Event: 5.798 Thread 0x0000024ac14d1fa0 3518       3       jdk.internal.loader.BuiltinClassLoader::findResourceOnClassPath (41 bytes)
Event: 5.799 Thread 0x0000024ac14d1fa0 nmethod 3518 0x0000024aec02fd90 code [0x0000024aec02ff60, 0x0000024aec030348]
Event: 5.883 Thread 0x0000024ac72073f0 3520       3       jdk.internal.misc.Unsafe::weakCompareAndSetLong (11 bytes)
Event: 5.883 Thread 0x0000024ac72073f0 nmethod 3520 0x0000024aec030490 code [0x0000024aec030620, 0x0000024aec030748]
Event: 6.824 Thread 0x0000024ac14d1fa0 3521       1       org.eclipse.core.internal.dtree.AbstractDataTree::isImmutable (5 bytes)
Event: 6.824 Thread 0x0000024ac14d1fa0 nmethod 3521 0x0000024af3628090 code [0x0000024af3628220, 0x0000024af36282f0]

GC Heap History (18 events):
Event: 0.702 GC heap before
{Heap before GC invocations=1 (full 0):
 PSYoungGen      total 29696K, used 25600K [0x00000000d5580000, 0x00000000d7680000, 0x0000000100000000)
  eden space 25600K, 100% used [0x00000000d5580000,0x00000000d6e80000,0x00000000d6e80000)
  from space 4096K, 0% used [0x00000000d7280000,0x00000000d7280000,0x00000000d7680000)
  to   space 4096K, 0% used [0x00000000d6e80000,0x00000000d6e80000,0x00000000d7280000)
 ParOldGen       total 68608K, used 0K [0x0000000080000000, 0x0000000084300000, 0x00000000d5580000)
  object space 68608K, 0% used [0x0000000080000000,0x0000000080000000,0x0000000084300000)
 Metaspace       used 4386K, committed 4608K, reserved 1114112K
  class space    used 474K, committed 576K, reserved 1048576K
}
Event: 0.709 GC heap after
{Heap after GC invocations=1 (full 0):
 PSYoungGen      total 29696K, used 3271K [0x00000000d5580000, 0x00000000d7680000, 0x0000000100000000)
  eden space 25600K, 0% used [0x00000000d5580000,0x00000000d5580000,0x00000000d6e80000)
  from space 4096K, 79% used [0x00000000d6e80000,0x00000000d71b1e98,0x00000000d7280000)
  to   space 4096K, 0% used [0x00000000d7280000,0x00000000d7280000,0x00000000d7680000)
 ParOldGen       total 68608K, used 16K [0x0000000080000000, 0x0000000084300000, 0x00000000d5580000)
  object space 68608K, 0% used [0x0000000080000000,0x0000000080004000,0x0000000084300000)
 Metaspace       used 4386K, committed 4608K, reserved 1114112K
  class space    used 474K, committed 576K, reserved 1048576K
}
Event: 1.314 GC heap before
{Heap before GC invocations=2 (full 0):
 PSYoungGen      total 29696K, used 28871K [0x00000000d5580000, 0x00000000d7680000, 0x0000000100000000)
  eden space 25600K, 100% used [0x00000000d5580000,0x00000000d6e80000,0x00000000d6e80000)
  from space 4096K, 79% used [0x00000000d6e80000,0x00000000d71b1e98,0x00000000d7280000)
  to   space 4096K, 0% used [0x00000000d7280000,0x00000000d7280000,0x00000000d7680000)
 ParOldGen       total 68608K, used 16K [0x0000000080000000, 0x0000000084300000, 0x00000000d5580000)
  object space 68608K, 0% used [0x0000000080000000,0x0000000080004000,0x0000000084300000)
 Metaspace       used 8102K, committed 8384K, reserved 1114112K
  class space    used 851K, committed 960K, reserved 1048576K
}
Event: 1.320 GC heap after
{Heap after GC invocations=2 (full 0):
 PSYoungGen      total 29696K, used 4069K [0x00000000d5580000, 0x00000000d7680000, 0x0000000100000000)
  eden space 25600K, 0% used [0x00000000d5580000,0x00000000d5580000,0x00000000d6e80000)
  from space 4096K, 99% used [0x00000000d7280000,0x00000000d76794e8,0x00000000d7680000)
  to   space 4096K, 0% used [0x00000000d6e80000,0x00000000d6e80000,0x00000000d7280000)
 ParOldGen       total 68608K, used 1153K [0x0000000080000000, 0x0000000084300000, 0x00000000d5580000)
  object space 68608K, 1% used [0x0000000080000000,0x0000000080120648,0x0000000084300000)
 Metaspace       used 8102K, committed 8384K, reserved 1114112K
  class space    used 851K, committed 960K, reserved 1048576K
}
Event: 1.814 GC heap before
{Heap before GC invocations=3 (full 0):
 PSYoungGen      total 29696K, used 29669K [0x00000000d5580000, 0x00000000d7680000, 0x0000000100000000)
  eden space 25600K, 100% used [0x00000000d5580000,0x00000000d6e80000,0x00000000d6e80000)
  from space 4096K, 99% used [0x00000000d7280000,0x00000000d76794e8,0x00000000d7680000)
  to   space 4096K, 0% used [0x00000000d6e80000,0x00000000d6e80000,0x00000000d7280000)
 ParOldGen       total 68608K, used 1153K [0x0000000080000000, 0x0000000084300000, 0x00000000d5580000)
  object space 68608K, 1% used [0x0000000080000000,0x0000000080120648,0x0000000084300000)
 Metaspace       used 12934K, committed 13440K, reserved 1114112K
  class space    used 1360K, committed 1600K, reserved 1048576K
}
Event: 1.818 GC heap after
{Heap after GC invocations=3 (full 0):
 PSYoungGen      total 29696K, used 4079K [0x00000000d5580000, 0x00000000d7680000, 0x0000000100000000)
  eden space 25600K, 0% used [0x00000000d5580000,0x00000000d5580000,0x00000000d6e80000)
  from space 4096K, 99% used [0x00000000d6e80000,0x00000000d727bc48,0x00000000d7280000)
  to   space 4096K, 0% used [0x00000000d7280000,0x00000000d7280000,0x00000000d7680000)
 ParOldGen       total 68608K, used 2744K [0x0000000080000000, 0x0000000084300000, 0x00000000d5580000)
  object space 68608K, 3% used [0x0000000080000000,0x00000000802ae070,0x0000000084300000)
 Metaspace       used 12934K, committed 13440K, reserved 1114112K
  class space    used 1360K, committed 1600K, reserved 1048576K
}
Event: 2.126 GC heap before
{Heap before GC invocations=4 (full 0):
 PSYoungGen      total 29696K, used 29679K [0x00000000d5580000, 0x00000000d7680000, 0x0000000100000000)
  eden space 25600K, 100% used [0x00000000d5580000,0x00000000d6e80000,0x00000000d6e80000)
  from space 4096K, 99% used [0x00000000d6e80000,0x00000000d727bc48,0x00000000d7280000)
  to   space 4096K, 0% used [0x00000000d7280000,0x00000000d7280000,0x00000000d7680000)
 ParOldGen       total 68608K, used 2744K [0x0000000080000000, 0x0000000084300000, 0x00000000d5580000)
  object space 68608K, 3% used [0x0000000080000000,0x00000000802ae070,0x0000000084300000)
 Metaspace       used 16175K, committed 16768K, reserved 1114112K
  class space    used 1677K, committed 1920K, reserved 1048576K
}
Event: 2.131 GC heap after
{Heap after GC invocations=4 (full 0):
 PSYoungGen      total 29696K, used 4093K [0x00000000d5580000, 0x00000000d7680000, 0x0000000100000000)
  eden space 25600K, 0% used [0x00000000d5580000,0x00000000d5580000,0x00000000d6e80000)
  from space 4096K, 99% used [0x00000000d7280000,0x00000000d767f778,0x00000000d7680000)
  to   space 4096K, 0% used [0x00000000d6e80000,0x00000000d6e80000,0x00000000d7280000)
 ParOldGen       total 68608K, used 5607K [0x0000000080000000, 0x0000000084300000, 0x00000000d5580000)
  object space 68608K, 8% used [0x0000000080000000,0x0000000080579d78,0x0000000084300000)
 Metaspace       used 16175K, committed 16768K, reserved 1114112K
  class space    used 1677K, committed 1920K, reserved 1048576K
}
Event: 2.366 GC heap before
{Heap before GC invocations=5 (full 0):
 PSYoungGen      total 29696K, used 29693K [0x00000000d5580000, 0x00000000d7680000, 0x0000000100000000)
  eden space 25600K, 100% used [0x00000000d5580000,0x00000000d6e80000,0x00000000d6e80000)
  from space 4096K, 99% used [0x00000000d7280000,0x00000000d767f778,0x00000000d7680000)
  to   space 4096K, 0% used [0x00000000d6e80000,0x00000000d6e80000,0x00000000d7280000)
 ParOldGen       total 68608K, used 5607K [0x0000000080000000, 0x0000000084300000, 0x00000000d5580000)
  object space 68608K, 8% used [0x0000000080000000,0x0000000080579d78,0x0000000084300000)
 Metaspace       used 20143K, committed 20800K, reserved 1114112K
  class space    used 1967K, committed 2240K, reserved 1048576K
}
Event: 2.368 GC heap after
{Heap after GC invocations=5 (full 0):
 PSYoungGen      total 29184K, used 4068K [0x00000000d5580000, 0x00000000d7900000, 0x0000000100000000)
  eden space 25088K, 0% used [0x00000000d5580000,0x00000000d5580000,0x00000000d6e00000)
  from space 4096K, 99% used [0x00000000d6e80000,0x00000000d7279180,0x00000000d7280000)
  to   space 5632K, 0% used [0x00000000d7380000,0x00000000d7380000,0x00000000d7900000)
 ParOldGen       total 68608K, used 6140K [0x0000000080000000, 0x0000000084300000, 0x00000000d5580000)
  object space 68608K, 8% used [0x0000000080000000,0x00000000805ff1c8,0x0000000084300000)
 Metaspace       used 20143K, committed 20800K, reserved 1114112K
  class space    used 1967K, committed 2240K, reserved 1048576K
}
Event: 2.463 GC heap before
{Heap before GC invocations=6 (full 0):
 PSYoungGen      total 29184K, used 21595K [0x00000000d5580000, 0x00000000d7900000, 0x0000000100000000)
  eden space 25088K, 69% used [0x00000000d5580000,0x00000000d669de50,0x00000000d6e00000)
  from space 4096K, 99% used [0x00000000d6e80000,0x00000000d7279180,0x00000000d7280000)
  to   space 5632K, 0% used [0x00000000d7380000,0x00000000d7380000,0x00000000d7900000)
 ParOldGen       total 68608K, used 6140K [0x0000000080000000, 0x0000000084300000, 0x00000000d5580000)
  object space 68608K, 8% used [0x0000000080000000,0x00000000805ff1c8,0x0000000084300000)
 Metaspace       used 20864K, committed 21504K, reserved 1114112K
  class space    used 2006K, committed 2304K, reserved 1048576K
}
Event: 2.466 GC heap after
{Heap after GC invocations=6 (full 0):
 PSYoungGen      total 29696K, used 5629K [0x00000000d5580000, 0x00000000d7b00000, 0x0000000100000000)
  eden space 24064K, 0% used [0x00000000d5580000,0x00000000d5580000,0x00000000d6d00000)
  from space 5632K, 99% used [0x00000000d7380000,0x00000000d78ff440,0x00000000d7900000)
  to   space 6656K, 0% used [0x00000000d6d00000,0x00000000d6d00000,0x00000000d7380000)
 ParOldGen       total 68608K, used 6592K [0x0000000080000000, 0x0000000084300000, 0x00000000d5580000)
  object space 68608K, 9% used [0x0000000080000000,0x00000000806700a8,0x0000000084300000)
 Metaspace       used 20864K, committed 21504K, reserved 1114112K
  class space    used 2006K, committed 2304K, reserved 1048576K
}
Event: 2.466 GC heap before
{Heap before GC invocations=7 (full 1):
 PSYoungGen      total 29696K, used 5629K [0x00000000d5580000, 0x00000000d7b00000, 0x0000000100000000)
  eden space 24064K, 0% used [0x00000000d5580000,0x00000000d5580000,0x00000000d6d00000)
  from space 5632K, 99% used [0x00000000d7380000,0x00000000d78ff440,0x00000000d7900000)
  to   space 6656K, 0% used [0x00000000d6d00000,0x00000000d6d00000,0x00000000d7380000)
 ParOldGen       total 68608K, used 6592K [0x0000000080000000, 0x0000000084300000, 0x00000000d5580000)
  object space 68608K, 9% used [0x0000000080000000,0x00000000806700a8,0x0000000084300000)
 Metaspace       used 20864K, committed 21504K, reserved 1114112K
  class space    used 2006K, committed 2304K, reserved 1048576K
}
Event: 2.486 GC heap after
{Heap after GC invocations=7 (full 1):
 PSYoungGen      total 29696K, used 0K [0x00000000d5580000, 0x00000000d7b00000, 0x0000000100000000)
  eden space 24064K, 0% used [0x00000000d5580000,0x00000000d5580000,0x00000000d6d00000)
  from space 5632K, 0% used [0x00000000d7380000,0x00000000d7380000,0x00000000d7900000)
  to   space 6656K, 0% used [0x00000000d6d00000,0x00000000d6d00000,0x00000000d7380000)
 ParOldGen       total 68608K, used 9947K [0x0000000080000000, 0x0000000084300000, 0x00000000d5580000)
  object space 68608K, 14% used [0x0000000080000000,0x00000000809b6f60,0x0000000084300000)
 Metaspace       used 20851K, committed 21504K, reserved 1114112K
  class space    used 2002K, committed 2304K, reserved 1048576K
}
Event: 5.351 GC heap before
{Heap before GC invocations=8 (full 1):
 PSYoungGen      total 29696K, used 24064K [0x00000000d5580000, 0x00000000d7b00000, 0x0000000100000000)
  eden space 24064K, 100% used [0x00000000d5580000,0x00000000d6d00000,0x00000000d6d00000)
  from space 5632K, 0% used [0x00000000d7380000,0x00000000d7380000,0x00000000d7900000)
  to   space 6656K, 0% used [0x00000000d6d00000,0x00000000d6d00000,0x00000000d7380000)
 ParOldGen       total 68608K, used 9947K [0x0000000080000000, 0x0000000084300000, 0x00000000d5580000)
  object space 68608K, 14% used [0x0000000080000000,0x00000000809b6f60,0x0000000084300000)
 Metaspace       used 24796K, committed 25600K, reserved 1114112K
  class space    used 2407K, committed 2752K, reserved 1048576K
}
Event: 5.355 GC heap after
{Heap after GC invocations=8 (full 1):
 PSYoungGen      total 26624K, used 2577K [0x00000000d5580000, 0x00000000d7480000, 0x0000000100000000)
  eden space 23552K, 0% used [0x00000000d5580000,0x00000000d5580000,0x00000000d6c80000)
  from space 3072K, 83% used [0x00000000d6d00000,0x00000000d6f84680,0x00000000d7000000)
  to   space 4096K, 0% used [0x00000000d7080000,0x00000000d7080000,0x00000000d7480000)
 ParOldGen       total 68608K, used 9955K [0x0000000080000000, 0x0000000084300000, 0x00000000d5580000)
  object space 68608K, 14% used [0x0000000080000000,0x00000000809b8f60,0x0000000084300000)
 Metaspace       used 24796K, committed 25600K, reserved 1114112K
  class space    used 2407K, committed 2752K, reserved 1048576K
}
Event: 5.741 GC heap before
{Heap before GC invocations=9 (full 1):
 PSYoungGen      total 26624K, used 26070K [0x00000000d5580000, 0x00000000d7480000, 0x0000000100000000)
  eden space 23552K, 99% used [0x00000000d5580000,0x00000000d6c71408,0x00000000d6c80000)
  from space 3072K, 83% used [0x00000000d6d00000,0x00000000d6f84680,0x00000000d7000000)
  to   space 4096K, 0% used [0x00000000d7080000,0x00000000d7080000,0x00000000d7480000)
 ParOldGen       total 68608K, used 9955K [0x0000000080000000, 0x0000000084300000, 0x00000000d5580000)
  object space 68608K, 14% used [0x0000000080000000,0x00000000809b8f60,0x0000000084300000)
 Metaspace       used 28310K, committed 29056K, reserved 1114112K
  class space    used 2826K, committed 3136K, reserved 1048576K
}
Event: 5.745 GC heap after
{Heap after GC invocations=9 (full 1):
 PSYoungGen      total 27136K, used 3628K [0x00000000d5580000, 0x00000000d7480000, 0x0000000100000000)
  eden space 23040K, 0% used [0x00000000d5580000,0x00000000d5580000,0x00000000d6c00000)
  from space 4096K, 88% used [0x00000000d7080000,0x00000000d740b140,0x00000000d7480000)
  to   space 4096K, 0% used [0x00000000d6c80000,0x00000000d6c80000,0x00000000d7080000)
 ParOldGen       total 68608K, used 9963K [0x0000000080000000, 0x0000000084300000, 0x00000000d5580000)
  object space 68608K, 14% used [0x0000000080000000,0x00000000809baf60,0x0000000084300000)
 Metaspace       used 28310K, committed 29056K, reserved 1114112K
  class space    used 2826K, committed 3136K, reserved 1048576K
}

Dll operation events (12 events):
Event: 0.017 Loaded shared library c:\Users\habdi\.vscode\extensions\redhat.java-1.53.0-win32-x64\jre\21.0.10-win32-x86_64\bin\java.dll
Event: 0.081 Loaded shared library c:\Users\habdi\.vscode\extensions\redhat.java-1.53.0-win32-x64\jre\21.0.10-win32-x86_64\bin\zip.dll
Event: 0.104 Loaded shared library C:\Users\habdi\.vscode\extensions\redhat.java-1.53.0-win32-x64\jre\21.0.10-win32-x86_64\bin\instrument.dll
Event: 0.109 Loaded shared library C:\Users\habdi\.vscode\extensions\redhat.java-1.53.0-win32-x64\jre\21.0.10-win32-x86_64\bin\net.dll
Event: 0.113 Loaded shared library C:\Users\habdi\.vscode\extensions\redhat.java-1.53.0-win32-x64\jre\21.0.10-win32-x86_64\bin\nio.dll
Event: 0.116 Loaded shared library C:\Users\habdi\.vscode\extensions\redhat.java-1.53.0-win32-x64\jre\21.0.10-win32-x86_64\bin\zip.dll
Event: 0.137 Loaded shared library C:\Users\habdi\.vscode\extensions\redhat.java-1.53.0-win32-x64\jre\21.0.10-win32-x86_64\bin\jimage.dll
Event: 0.222 Loaded shared library c:\Users\habdi\.vscode\extensions\redhat.java-1.53.0-win32-x64\jre\21.0.10-win32-x86_64\bin\verify.dll
Event: 1.311 Loaded shared library C:\Users\habdi\AppData\Roaming\Code\User\globalStorage\redhat.java\1.53.0\config_ss_win\org.eclipse.equinox.launcher\org.eclipse.equinox.launcher.win32.win32.x86_64_1.3.0.v20260203-2149\eclipse_11919.dll
Event: 1.875 Loaded shared library C:\Users\habdi\.vscode\extensions\redhat.java-1.53.0-win32-x64\jre\21.0.10-win32-x86_64\bin\management.dll
Event: 1.881 Loaded shared library C:\Users\habdi\.vscode\extensions\redhat.java-1.53.0-win32-x64\jre\21.0.10-win32-x86_64\bin\management_ext.dll
Event: 5.230 Loaded shared library C:\Users\habdi\AppData\Local\Temp\jna-99033294\jna5034897170089592702.dll

Deoptimization events (20 events):
Event: 5.723 Thread 0x0000024ac7436110 DEOPT PACKING pc=0x0000024af35b71f0 sp=0x000000524cefea20
Event: 5.723 Thread 0x0000024ac7436110 DEOPT UNPACKING pc=0x0000024af2dd3aa2 sp=0x000000524cefe9b0 mode 2
Event: 5.775 Thread 0x0000024ac7436110 Uncommon trap: trap_request=0xffffffbe fr.pc=0x0000024af35fa364 relative=0x0000000000000a04
Event: 5.775 Thread 0x0000024ac7436110 Uncommon trap: reason=profile_predicate action=maybe_recompile pc=0x0000024af35fa364 method=java.util.TreeMap.put(Ljava/lang/Object;Ljava/lang/Object;Z)Ljava/lang/Object; @ 27 c2
Event: 5.775 Thread 0x0000024ac7436110 DEOPT PACKING pc=0x0000024af35fa364 sp=0x000000524cefe000
Event: 5.775 Thread 0x0000024ac7436110 DEOPT UNPACKING pc=0x0000024af2dd3aa2 sp=0x000000524cefdfb0 mode 2
Event: 5.775 Thread 0x0000024ac7436110 Uncommon trap: trap_request=0xffffffbe fr.pc=0x0000024af35fa364 relative=0x0000000000000a04
Event: 5.775 Thread 0x0000024ac7436110 Uncommon trap: reason=profile_predicate action=maybe_recompile pc=0x0000024af35fa364 method=java.util.TreeMap.put(Ljava/lang/Object;Ljava/lang/Object;Z)Ljava/lang/Object; @ 27 c2
Event: 5.775 Thread 0x0000024ac7436110 DEOPT PACKING pc=0x0000024af35fa364 sp=0x000000524cefe000
Event: 5.775 Thread 0x0000024ac7436110 DEOPT UNPACKING pc=0x0000024af2dd3aa2 sp=0x000000524cefdfb0 mode 2
Event: 5.775 Thread 0x0000024ac7436110 Uncommon trap: trap_request=0xffffffbe fr.pc=0x0000024af35fa364 relative=0x0000000000000a04
Event: 5.775 Thread 0x0000024ac7436110 Uncommon trap: reason=profile_predicate action=maybe_recompile pc=0x0000024af35fa364 method=java.util.TreeMap.put(Ljava/lang/Object;Ljava/lang/Object;Z)Ljava/lang/Object; @ 27 c2
Event: 5.775 Thread 0x0000024ac7436110 DEOPT PACKING pc=0x0000024af35fa364 sp=0x000000524cefe000
Event: 5.775 Thread 0x0000024ac7436110 DEOPT UNPACKING pc=0x0000024af2dd3aa2 sp=0x000000524cefdfb0 mode 2
Event: 5.775 Thread 0x0000024ac7436110 Uncommon trap: trap_request=0xffffffbe fr.pc=0x0000024af35fa364 relative=0x0000000000000a04
Event: 5.775 Thread 0x0000024ac7436110 Uncommon trap: reason=profile_predicate action=maybe_recompile pc=0x0000024af35fa364 method=java.util.TreeMap.put(Ljava/lang/Object;Ljava/lang/Object;Z)Ljava/lang/Object; @ 27 c2
Event: 5.775 Thread 0x0000024ac7436110 DEOPT PACKING pc=0x0000024af35fa364 sp=0x000000524cefe000
Event: 5.775 Thread 0x0000024ac7436110 DEOPT UNPACKING pc=0x0000024af2dd3aa2 sp=0x000000524cefdfb0 mode 2
Event: 5.799 Thread 0x0000024ac7436110 DEOPT PACKING pc=0x0000024aebf79ca6 sp=0x000000524cefb460
Event: 5.799 Thread 0x0000024ac7436110 DEOPT UNPACKING pc=0x0000024af2dd4242 sp=0x000000524cefa958 mode 0

Classes loaded (20 events):
Event: 5.647 Loading class jdk/internal/access/JavaIOPrintWriterAccess done
Event: 5.647 Loading class java/io/PrintWriter$1 done
Event: 5.649 Loading class java/time/format/DateTimeParseContext
Event: 5.650 Loading class java/time/format/DateTimeParseContext done
Event: 5.650 Loading class java/time/format/Parsed
Event: 5.651 Loading class java/time/format/Parsed done
Event: 5.671 Loading class sun/reflect/generics/repository/FieldRepository
Event: 5.671 Loading class sun/reflect/generics/repository/FieldRepository done
Event: 5.675 Loading class jdk/internal/reflect/MethodHandleIntegerFieldAccessorImpl
Event: 5.675 Loading class jdk/internal/reflect/MethodHandleIntegerFieldAccessorImpl done
Event: 5.719 Loading class java/io/InvalidObjectException
Event: 5.719 Loading class java/io/ObjectStreamException
Event: 5.719 Loading class java/io/ObjectStreamException done
Event: 5.719 Loading class java/io/InvalidObjectException done
Event: 5.776 Loading class java/nio/file/StandardCopyOption
Event: 5.777 Loading class java/nio/file/StandardCopyOption done
Event: 5.777 Loading class sun/nio/fs/WindowsFileCopy
Event: 5.777 Loading class sun/nio/fs/WindowsFileCopy done
Event: 5.796 Loading class javax/xml/parsers/FactoryConfigurationError
Event: 5.796 Loading class javax/xml/parsers/FactoryConfigurationError done

Classes unloaded (7 events):
Event: 2.469 Thread 0x0000024ae87ce8a0 Unloading class 0x0000024a81191400 'java/lang/invoke/LambdaForm$MH+0x0000024a81191400'
Event: 2.469 Thread 0x0000024ae87ce8a0 Unloading class 0x0000024a81191000 'java/lang/invoke/LambdaForm$MH+0x0000024a81191000'
Event: 2.469 Thread 0x0000024ae87ce8a0 Unloading class 0x0000024a81190c00 'java/lang/invoke/LambdaForm$MH+0x0000024a81190c00'
Event: 2.469 Thread 0x0000024ae87ce8a0 Unloading class 0x0000024a81190800 'java/lang/invoke/LambdaForm$MH+0x0000024a81190800'
Event: 2.469 Thread 0x0000024ae87ce8a0 Unloading class 0x0000024a81190400 'java/lang/invoke/LambdaForm$BMH+0x0000024a81190400'
Event: 2.469 Thread 0x0000024ae87ce8a0 Unloading class 0x0000024a81190000 'java/lang/invoke/LambdaForm$DMH+0x0000024a81190000'
Event: 2.469 Thread 0x0000024ae87ce8a0 Unloading class 0x0000024a8118ec00 'java/lang/invoke/LambdaForm$DMH+0x0000024a8118ec00'

Classes redefined (0 events):
No events

Internal exceptions (20 events):
Event: 5.337 Thread 0x0000024ae87ea760 Exception <a 'java/lang/NoSuchMethodError'{0x00000000d6c3d0a8}: 'void java.lang.invoke.Invokers$Holder.invokeExact_MT(java.lang.Object, java.lang.Object, int, java.lang.Object)'> (0x00000000d6c3d0a8) 
thrown [s\src\hotspot\share\interpreter\linkResolver.cpp, line 773]
Event: 5.389 Thread 0x0000024ae8729ee0 Exception <a 'java/lang/NoSuchMethodError'{0x00000000d58a52e8}: 'java.lang.Object java.lang.invoke.DirectMethodHandle$Holder.invokeStatic(java.lang.Object, long, java.lang.Object)'> (0x00000000d58a52e8) 
thrown [s\src\hotspot\share\interpreter\linkResolver.cpp, line 773]
Event: 5.390 Thread 0x0000024ae8729ee0 Exception <a 'java/lang/NoSuchMethodError'{0x00000000d58a8980}: 'java.lang.Object java.lang.invoke.DirectMethodHandle$Holder.invokeStaticInit(java.lang.Object, long, java.lang.Object)'> (0x00000000d58a8980) 
thrown [s\src\hotspot\share\interpreter\linkResolver.cpp, line 773]
Event: 5.390 Thread 0x0000024ae8729ee0 Exception <a 'java/lang/NoSuchMethodError'{0x00000000d58ec158}: 'java.lang.Object java.lang.invoke.DirectMethodHandle$Holder.newInvokeSpecial(java.lang.Object, long)'> (0x00000000d58ec158) 
thrown [s\src\hotspot\share\interpreter\linkResolver.cpp, line 773]
Event: 5.411 Thread 0x0000024ac7ce1ef0 Exception <a 'java/io/FileNotFoundException'{0x00000000d5ba8820}> (0x00000000d5ba8820) 
thrown [s\src\hotspot\share\prims\jni.cpp, line 520]
Event: 5.411 Thread 0x0000024ac7ce1ef0 Exception <a 'java/io/FileNotFoundException'{0x00000000d5baa098}> (0x00000000d5baa098) 
thrown [s\src\hotspot\share\prims\jni.cpp, line 520]
Event: 5.413 Thread 0x0000024ac7ce1ef0 Exception <a 'java/lang/NoSuchMethodError'{0x00000000d5bb8260}: 'java.lang.Object java.lang.invoke.DirectMethodHandle$Holder.newInvokeSpecial(java.lang.Object, java.lang.Object, java.lang.Object, int)'> (0x00000000d5bb8260) 
thrown [s\src\hotspot\share\interpreter\linkResolver.cpp, line 773]
Event: 5.413 Thread 0x0000024ac7ce1ef0 Exception <a 'java/lang/NoSuchMethodError'{0x00000000d5bbc180}: 'java.lang.Object java.lang.invoke.DirectMethodHandle$Holder.invokeSpecial(java.lang.Object, java.lang.Object, java.lang.Object, java.lang.Object, int)'> (0x00000000d5bbc180) 
thrown [s\src\hotspot\share\interpreter\linkResolver.cpp, line 773]
Event: 5.413 Thread 0x0000024ac7ce1ef0 Exception <a 'java/lang/NoSuchMethodError'{0x00000000d5bbf958}: 'java.lang.Object java.lang.invoke.Invokers$Holder.linkToTargetMethod(java.lang.Object, java.lang.Object, int, java.lang.Object)'> (0x00000000d5bbf958) 
thrown [s\src\hotspot\share\interpreter\linkResolver.cpp, line 773]
Event: 5.415 Thread 0x0000024ac7ce1ef0 Exception <a 'java/lang/NoSuchMethodError'{0x00000000d5bcb4c8}: 'void java.lang.invoke.DirectMethodHandle$Holder.invokeStaticInit(java.lang.Object, java.lang.Object, java.lang.Object)'> (0x00000000d5bcb4c8) 
thrown [s\src\hotspot\share\interpreter\linkResolver.cpp, line 773]
Event: 5.418 Thread 0x0000024ac7ce1ef0 Exception <a 'java/io/FileNotFoundException'{0x00000000d5bd8fb8}> (0x00000000d5bd8fb8) 
thrown [s\src\hotspot\share\prims\jni.cpp, line 520]
Event: 5.419 Thread 0x0000024ac7ce1ef0 Exception <a 'java/io/FileNotFoundException'{0x00000000d5bd9d40}> (0x00000000d5bd9d40) 
thrown [s\src\hotspot\share\prims\jni.cpp, line 520]
Event: 5.625 Thread 0x0000024ae8729ee0 Exception <a 'java/lang/NoSuchMethodError'{0x00000000d6641318}: 'void java.lang.invoke.DirectMethodHandle$Holder.invokeSpecial(java.lang.Object, java.lang.Object, java.lang.Object, java.lang.Object, java.lang.Object, java.lang.Object)'> (0x00000000d6641318) 
thrown [s\src\hotspot\share\interpreter\linkResolver.cpp, line 773]
Event: 5.626 Thread 0x0000024ae8729ee0 Exception <a 'java/lang/IncompatibleClassChangeError'{0x00000000d66495b8}: Found class java.lang.Object, but interface was expected> (0x00000000d66495b8) 
thrown [s\src\hotspot\share\interpreter\linkResolver.cpp, line 840]
Event: 5.626 Thread 0x0000024ae8729ee0 Exception <a 'java/lang/IncompatibleClassChangeError'{0x00000000d664b478}: Found class java.lang.Object, but interface was expected> (0x00000000d664b478) 
thrown [s\src\hotspot\share\interpreter\linkResolver.cpp, line 840]
Event: 5.723 Thread 0x0000024ac7436110 Exception <a 'java/lang/NoSuchMethodError'{0x00000000d6bbe0e8}: 'java.lang.Object java.lang.invoke.DirectMethodHandle$Holder.invokeInterface(java.lang.Object, java.lang.Object, java.lang.Object)'> (0x00000000d6bbe0e8) 
thrown [s\src\hotspot\share\interpreter\linkResolver.cpp, line 773]
Event: 5.739 Thread 0x0000024ac7436110 Exception <a 'java/io/FileNotFoundException'{0x00000000d6c60868}> (0x00000000d6c60868) 
thrown [s\src\hotspot\share\prims\jni.cpp, line 520]
Event: 5.774 Thread 0x0000024ac7436110 Exception <a 'sun/nio/fs/WindowsException'{0x00000000d5b589c0}> (0x00000000d5b589c0) 
thrown [s\src\hotspot\share\prims\jni.cpp, line 520]
Event: 5.779 Thread 0x0000024ac7436110 Exception <a 'sun/nio/fs/WindowsException'{0x00000000d5b6cee8}> (0x00000000d5b6cee8) 
thrown [s\src\hotspot\share\prims\jni.cpp, line 520]
Event: 5.814 Thread 0x0000024ac7436110 Exception <a 'java/io/FileNotFoundException'{0x00000000d5d5f640}> (0x00000000d5d5f640) 
thrown [s\src\hotspot\share\prims\jni.cpp, line 520]

ZGC Phase Switch (0 events):
No events

VM Operations (20 events):
Event: 2.463 Executing safepoint VM operation: CollectForMetadataAllocation (Metadata GC Threshold)
Event: 2.486 Executing safepoint VM operation: CollectForMetadataAllocation (Metadata GC Threshold) done
Event: 2.562 Executing non-safepoint VM operation: HandshakeAllThreads (Deoptimize)
Event: 2.562 Executing non-safepoint VM operation: HandshakeAllThreads (Deoptimize) done
Event: 2.798 Executing non-safepoint VM operation: HandshakeAllThreads (Deoptimize)
Event: 2.798 Executing non-safepoint VM operation: HandshakeAllThreads (Deoptimize) done
Event: 2.900 Executing non-safepoint VM operation: HandshakeAllThreads (Deoptimize)
Event: 2.900 Executing non-safepoint VM operation: HandshakeAllThreads (Deoptimize) done
Event: 2.926 Executing non-safepoint VM operation: HandshakeAllThreads (Deoptimize)
Event: 2.926 Executing non-safepoint VM operation: HandshakeAllThreads (Deoptimize) done
Event: 3.928 Executing safepoint VM operation: Cleanup
Event: 5.240 Executing safepoint VM operation: Cleanup done
Event: 5.269 Executing non-safepoint VM operation: HandshakeAllThreads (Deoptimize)
Event: 5.269 Executing non-safepoint VM operation: HandshakeAllThreads (Deoptimize) done
Event: 5.351 Executing safepoint VM operation: ParallelGCFailedAllocation (Allocation Failure)
Event: 5.355 Executing safepoint VM operation: ParallelGCFailedAllocation (Allocation Failure) done
Event: 5.731 Executing non-safepoint VM operation: HandshakeAllThreads (Deoptimize)
Event: 5.731 Executing non-safepoint VM operation: HandshakeAllThreads (Deoptimize) done
Event: 5.741 Executing safepoint VM operation: ParallelGCFailedAllocation (Allocation Failure)
Event: 5.745 Executing safepoint VM operation: ParallelGCFailedAllocation (Allocation Failure) done

Memory protections (0 events):
No events

Nmethod flushes (0 events):
No events

Events (20 events):
Event: 5.402 Thread 0x0000024ae8729ee0 Thread added: 0x0000024ac7cdea70
Event: 5.402 Thread 0x0000024ae8729ee0 Thread added: 0x0000024ac7ce2580
Event: 5.402 Thread 0x0000024ae8729ee0 Thread added: 0x0000024ac7cdf100
Event: 5.402 Thread 0x0000024ae8729ee0 Thread added: 0x0000024ac7ce2c10
Event: 5.402 Thread 0x0000024ae8729ee0 Thread added: 0x0000024ac7ce32a0
Event: 5.402 Thread 0x0000024ae8729ee0 Thread added: 0x0000024ac7cdfe20
Event: 5.402 Thread 0x0000024ae8729ee0 Thread added: 0x0000024ac7ce3fc0
Event: 5.403 Thread 0x0000024ae8729ee0 Thread added: 0x0000024ac7ce6090
Event: 5.403 Thread 0x0000024ae8729ee0 Thread added: 0x0000024ac7ce4650
Event: 5.403 Thread 0x0000024ae8729ee0 Thread added: 0x0000024ac7ce4ce0
Event: 5.403 Thread 0x0000024ae8729ee0 Thread added: 0x0000024ac7ce3930
Event: 5.403 Thread 0x0000024ae8729ee0 Thread added: 0x0000024ac7ce5370
Event: 5.404 Thread 0x0000024ae8729ee0 Thread added: 0x0000024ac7ce5a00
Event: 5.404 Thread 0x0000024ae8729ee0 Thread added: 0x0000024ac7435a80
Event: 5.404 Thread 0x0000024ae8729ee0 Thread added: 0x0000024ac74346d0
Event: 5.444 Thread 0x0000024ae8729ee0 Thread added: 0x0000024ac74353f0
Event: 5.635 Thread 0x0000024ac14d1fa0 Thread added: 0x0000024ac72073f0
Event: 5.642 Thread 0x0000024ae8729ee0 Thread added: 0x0000024ac7432600
Event: 5.643 Thread 0x0000024ae8729ee0 Thread added: 0x0000024ac7436110
Event: 6.824 Thread 0x0000024ac72073f0 Thread exited: 0x0000024ac72073f0


Dynamic libraries:
0x00007ff7b9900000 - 0x00007ff7b990e000 	c:\Users\habdi\.vscode\extensions\redhat.java-1.53.0-win32-x64\jre\21.0.10-win32-x86_64\bin\java.exe
0x00007ffeb8380000 - 0x00007ffeb85e7000 	C:\Windows\SYSTEM32\ntdll.dll
0x00007ffeb6cf0000 - 0x00007ffeb6db9000 	C:\Windows\System32\KERNEL32.DLL
0x00007ffeb59d0000 - 0x00007ffeb5dc1000 	C:\Windows\System32\KERNELBASE.dll
0x00007ffeb57d0000 - 0x00007ffeb591b000 	C:\Windows\System32\ucrtbase.dll
0x00007ffe9a350000 - 0x00007ffe9a36e000 	c:\Users\habdi\.vscode\extensions\redhat.java-1.53.0-win32-x64\jre\21.0.10-win32-x86_64\bin\VCRUNTIME140.dll
0x00007ffe97130000 - 0x00007ffe97148000 	c:\Users\habdi\.vscode\extensions\redhat.java-1.53.0-win32-x64\jre\21.0.10-win32-x86_64\bin\jli.dll
0x00007ffeb7950000 - 0x00007ffeb7b15000 	C:\Windows\System32\USER32.dll
0x00007ffeb4e70000 - 0x00007ffeb4e97000 	C:\Windows\System32\win32u.dll
0x00007ffeb6cc0000 - 0x00007ffeb6ceb000 	C:\Windows\System32\GDI32.dll
0x00007ffe9ad00000 - 0x00007ffe9af93000 	C:\Windows\WinSxS\amd64_microsoft.windows.common-controls_6595b64144ccf1df_6.0.26100.8037_none_3e092faae333b53b\COMCTL32.dll
0x00007ffeb5e80000 - 0x00007ffeb5fab000 	C:\Windows\System32\gdi32full.dll
0x00007ffeb6dc0000 - 0x00007ffeb6e69000 	C:\Windows\System32\msvcrt.dll
0x00007ffeb5920000 - 0x00007ffeb59c3000 	C:\Windows\System32\msvcp_win.dll
0x00007ffeb6e70000 - 0x00007ffeb6ea1000 	C:\Windows\System32\IMM32.DLL
0x00007ffeb18d0000 - 0x00007ffeb18dc000 	c:\Users\habdi\.vscode\extensions\redhat.java-1.53.0-win32-x64\jre\21.0.10-win32-x86_64\bin\vcruntime140_1.dll
0x00007ffe7dde0000 - 0x00007ffe7de6d000 	c:\Users\habdi\.vscode\extensions\redhat.java-1.53.0-win32-x64\jre\21.0.10-win32-x86_64\bin\msvcp140.dll
0x00007ffdef000000 - 0x00007ffdefda1000 	c:\Users\habdi\.vscode\extensions\redhat.java-1.53.0-win32-x64\jre\21.0.10-win32-x86_64\bin\server\jvm.dll
0x00007ffeb6120000 - 0x00007ffeb61db000 	C:\Windows\System32\ADVAPI32.dll
0x00007ffeb8290000 - 0x00007ffeb8337000 	C:\Windows\System32\sechost.dll
0x00007ffeb7830000 - 0x00007ffeb7948000 	C:\Windows\System32\RPCRT4.dll
0x00007ffeb62a0000 - 0x00007ffeb6314000 	C:\Windows\System32\WS2_32.dll
0x00007ffeb4ab0000 - 0x00007ffeb4b0e000 	C:\Windows\SYSTEM32\POWRPROF.dll
0x00007ffea8de0000 - 0x00007ffea8e15000 	C:\Windows\SYSTEM32\WINMM.dll
0x00007ffead560000 - 0x00007ffead56b000 	C:\Windows\SYSTEM32\VERSION.dll
0x00007ffeb4a90000 - 0x00007ffeb4aa4000 	C:\Windows\SYSTEM32\UMPDC.dll
0x00007ffeb39f0000 - 0x00007ffeb3a0b000 	C:\Windows\SYSTEM32\kernel.appcore.dll
0x00007ffeae4a0000 - 0x00007ffeae4aa000 	c:\Users\habdi\.vscode\extensions\redhat.java-1.53.0-win32-x64\jre\21.0.10-win32-x86_64\bin\jimage.dll
0x00007ffeb28d0000 - 0x00007ffeb2b12000 	C:\Windows\SYSTEM32\DBGHELP.DLL
0x00007ffeb6690000 - 0x00007ffeb6a12000 	C:\Windows\System32\combase.dll
0x00007ffeb6eb0000 - 0x00007ffeb6f87000 	C:\Windows\System32\OLEAUT32.dll
0x00007ffe94d90000 - 0x00007ffe94dcb000 	C:\Windows\SYSTEM32\dbgcore.DLL
0x00007ffeb5dd0000 - 0x00007ffeb5e75000 	C:\Windows\System32\bcryptPrimitives.dll
0x00007ffea85a0000 - 0x00007ffea85af000 	c:\Users\habdi\.vscode\extensions\redhat.java-1.53.0-win32-x64\jre\21.0.10-win32-x86_64\bin\instrument.dll
0x00007ffe95400000 - 0x00007ffe95420000 	c:\Users\habdi\.vscode\extensions\redhat.java-1.53.0-win32-x64\jre\21.0.10-win32-x86_64\bin\java.dll
0x00007ffeb7b20000 - 0x00007ffeb827f000 	C:\Windows\System32\SHELL32.dll
0x00007ffeb5fb0000 - 0x00007ffeb611a000 	C:\Windows\System32\wintypes.dll
0x00007ffeb4f60000 - 0x00007ffeb57c4000 	C:\Windows\System32\windows.storage.dll
0x00007ffeb7700000 - 0x00007ffeb77f7000 	C:\Windows\System32\SHCORE.dll
0x00007ffeb70f0000 - 0x00007ffeb7157000 	C:\Windows\System32\shlwapi.dll
0x00007ffeb4b80000 - 0x00007ffeb4ba9000 	C:\Windows\SYSTEM32\profapi.dll
0x00007ffea10a0000 - 0x00007ffea10b8000 	c:\Users\habdi\.vscode\extensions\redhat.java-1.53.0-win32-x64\jre\21.0.10-win32-x86_64\bin\zip.dll
0x00007ffea8010000 - 0x00007ffea8020000 	C:\Users\habdi\.vscode\extensions\redhat.java-1.53.0-win32-x64\jre\21.0.10-win32-x86_64\bin\net.dll
0x00007ffeae8b0000 - 0x00007ffeae9d7000 	C:\Windows\SYSTEM32\WINHTTP.dll
0x00007ffeb3f60000 - 0x00007ffeb3fcb000 	C:\Windows\system32\mswsock.dll
0x00007ffe935a0000 - 0x00007ffe935b6000 	C:\Users\habdi\.vscode\extensions\redhat.java-1.53.0-win32-x64\jre\21.0.10-win32-x86_64\bin\nio.dll
0x00007ffea5ab0000 - 0x00007ffea5ac0000 	c:\Users\habdi\.vscode\extensions\redhat.java-1.53.0-win32-x64\jre\21.0.10-win32-x86_64\bin\verify.dll
0x00007ffe85a80000 - 0x00007ffe85ac5000 	C:\Users\habdi\AppData\Roaming\Code\User\globalStorage\redhat.java\1.53.0\config_ss_win\org.eclipse.equinox.launcher\org.eclipse.equinox.launcher.win32.win32.x86_64_1.3.0.v20260203-2149\eclipse_11919.dll
0x00007ffeb64f0000 - 0x00007ffeb6685000 	C:\Windows\System32\ole32.dll
0x00007ffea1070000 - 0x00007ffea107a000 	C:\Users\habdi\.vscode\extensions\redhat.java-1.53.0-win32-x64\jre\21.0.10-win32-x86_64\bin\management.dll
0x00007ffe9a340000 - 0x00007ffe9a34c000 	C:\Users\habdi\.vscode\extensions\redhat.java-1.53.0-win32-x64\jre\21.0.10-win32-x86_64\bin\management_ext.dll
0x00007ffeb6380000 - 0x00007ffeb6388000 	C:\Windows\System32\PSAPI.DLL
0x00007ffeb4250000 - 0x00007ffeb426b000 	C:\Windows\SYSTEM32\CRYPTSP.dll
0x00007ffeb3950000 - 0x00007ffeb3989000 	C:\Windows\system32\rsaenh.dll
0x00007ffeb4010000 - 0x00007ffeb4042000 	C:\Windows\SYSTEM32\USERENV.dll
0x00007ffeb4b50000 - 0x00007ffeb4b7a000 	C:\Windows\SYSTEM32\bcrypt.dll
0x00007ffeb4240000 - 0x00007ffeb424c000 	C:\Windows\SYSTEM32\CRYPTBASE.dll
0x00007ffeb3460000 - 0x00007ffeb3493000 	C:\Windows\SYSTEM32\IPHLPAPI.DLL
0x00007ffeb75f0000 - 0x00007ffeb75fa000 	C:\Windows\System32\NSI.dll
0x00007ffe81920000 - 0x00007ffe81969000 	C:\Users\habdi\AppData\Local\Temp\jna-99033294\jna5034897170089592702.dll
0x00007ffeaeac0000 - 0x00007ffeaeadd000 	C:\Windows\SYSTEM32\dhcpcsvc6.DLL
0x00007ffeae9e0000 - 0x00007ffeaea03000 	C:\Windows\SYSTEM32\dhcpcsvc.DLL

JVMTI agents:
c:\Users\habdi\.vscode\extensions\redhat.java-1.53.0-win32-x64\lombok\lombok-1.18.39-4050.jar path:c:\Users\habdi\.vscode\extensions\redhat.java-1.53.0-win32-x64\jre\21.0.10-win32-x86_64\bin\instrument.dll, loaded, initialized, instrumentlib options:none

dbghelp: loaded successfully - version: 4.0.5 - missing functions: none
symbol engine: initialized successfully - sym options: 0x614 - pdb path: .;c:\Users\habdi\.vscode\extensions\redhat.java-1.53.0-win32-x64\jre\21.0.10-win32-x86_64\bin;C:\Windows\SYSTEM32;C:\Windows\WinSxS\amd64_microsoft.windows.common-controls_6595b64144ccf1df_6.0.26100.8037_none_3e092faae333b53b;c:\Users\habdi\.vscode\extensions\redhat.java-1.53.0-win32-x64\jre\21.0.10-win32-x86_64\bin\server;C:\Users\habdi\AppData\Roaming\Code\User\globalStorage\redhat.java\1.53.0\config_ss_win\org.eclipse.equinox.launcher\org.eclipse.equinox.launcher.win32.win32.x86_64_1.3.0.v20260203-2149;C:\Users\habdi\AppData\Local\Temp\jna-99033294

VM Arguments:
jvm_args: --add-modules=ALL-SYSTEM --add-opens=java.base/java.util=ALL-UNNAMED --add-opens=java.base/java.lang=ALL-UNNAMED --add-opens=java.base/sun.nio.fs=ALL-UNNAMED -Declipse.application=org.eclipse.jdt.ls.core.id1 -Dosgi.bundles.defaultStartLevel=4 -Declipse.product=org.eclipse.jdt.ls.core.product -Djava.import.generatesMetadataFilesAtProjectRoot=false -DDetectVMInstallationsJob.disabled=true -Dfile.encoding=utf8 -XX:+UseParallelGC -XX:GCTimeRatio=4 -XX:AdaptiveSizePolicyWeight=90 -Dsun.zip.disableMemoryMapping=true -Xmx2G -Xms100m -Xlog:disable -javaagent:c:\Users\habdi\.vscode\extensions\redhat.java-1.53.0-win32-x64\lombok\lombok-1.18.39-4050.jar 
java_command: c:\Users\habdi\.vscode\extensions\redhat.java-1.53.0-win32-x64\server\plugins\org.eclipse.equinox.launcher_1.7.100.v20251111-0406.jar -configuration c:\Users\habdi\AppData\Roaming\Code\User\globalStorage\redhat.java\1.53.0\config_ss_win -data c:\Users\habdi\AppData\Roaming\Code\User\workspaceStorage\556e48902153e7dc08df537ceeb3eff8\redhat.java\ss_ws --pipe=\\.\pipe\lsp-73476f844aaada56edc2d9abf96fbd83-sock
java_class_path (initial): c:\Users\habdi\.vscode\extensions\redhat.java-1.53.0-win32-x64\server\plugins\org.eclipse.equinox.launcher_1.7.100.v20251111-0406.jar
Launcher Type: SUN_STANDARD

[Global flags]
    uintx AdaptiveSizePolicyWeight                 = 90                                        {product} {command line}
     intx CICompilerCount                          = 12                                        {product} {ergonomic}
    uintx GCTimeRatio                              = 4                                         {product} {command line}
   size_t InitialHeapSize                          = 104857600                                 {product} {command line}
   size_t MaxHeapSize                              = 2147483648                                {product} {command line}
   size_t MaxNewSize                               = 715653120                                 {product} {ergonomic}
   size_t MinHeapDeltaBytes                        = 524288                                    {product} {ergonomic}
   size_t MinHeapSize                              = 104857600                                 {product} {command line}
   size_t NewSize                                  = 34603008                                  {product} {ergonomic}
    uintx NonNMethodCodeHeapSize                   = 7602480                                {pd product} {ergonomic}
    uintx NonProfiledCodeHeapSize                  = 122027880                              {pd product} {ergonomic}
   size_t OldSize                                  = 70254592                                  {product} {ergonomic}
    uintx ProfiledCodeHeapSize                     = 122027880                              {pd product} {ergonomic}
    uintx ReservedCodeCacheSize                    = 251658240                              {pd product} {ergonomic}
     bool SegmentedCodeCache                       = true                                      {product} {ergonomic}
   size_t SoftMaxHeapSize                          = 2147483648                             {manageable} {ergonomic}
     bool UseCompressedOops                        = true                           {product lp64_product} {ergonomic}
     bool UseLargePagesIndividualAllocation        = false                                  {pd product} {ergonomic}
     bool UseParallelGC                            = true                                      {product} {command line}

Logging:
Log output configuration:
 #0: stdout all=off uptime,level,tags foldmultilines=false
 #1: stderr all=off uptime,level,tags foldmultilines=false

Release file:
JAVA_VERSION="21.0.10" 
MODULES="java.base java.compiler java.datatransfer java.xml java.prefs java.desktop java.instrument java.logging java.management java.security.sasl java.naming java.rmi java.management.rmi java.net.http java.scripting java.security.jgss java.transaction.xa java.sql java.sql.rowset java.xml.crypto java.se java.smartcardio jdk.accessibility jdk.internal.jvmstat jdk.attach jdk.charsets jdk.internal.opt jdk.zipfs jdk.compiler jdk.crypto.ec jdk.crypto.cryptoki jdk.crypto.mscapi jdk.dynalink jdk.internal.ed jdk.editpad jdk.hotspot.agent jdk.httpserver jdk.internal.le jdk.internal.vm.ci jdk.internal.vm.compiler jdk.internal.vm.compiler.management jdk.jartool jdk.javadoc jdk.jcmd jdk.management jdk.management.agent jdk.jconsole jdk.jdeps jdk.jdwp.agent jdk.jdi jdk.jfr jdk.jshell jdk.jsobject jdk.jstatd jdk.localedata jdk.management.jfr jdk.naming.dns jdk.naming.rmi jdk.net jdk.nio.mapmode jdk.random jdk.sctp jdk.security.auth jdk.security.jgss jdk.unsupported jdk.unsupported.desktop jdk.xml.dom" 

Environment Variables:
JAVA_HOME=C:\Program Files (x86)\jdk-25.0.2\bin
PATH=C:\Users\habdi\AppData\Local\Programs\Microsoft VS Code;C:\Windows\system32;C:\Windows;C:\Windows\System32\Wbem;C:\Windows\System32\WindowsPowerShell\v1.0\;C:\Windows\System32\OpenSSH\;C:\Program Files\Git\cmd;C:\Program Files\Git\mingw64\bin;C:\Program Files\Git\usr\bin;C:\Users\habdi\AppData\Local\Microsoft\WindowsApps;C:\Users\habdi\AppData\Local\Programs\Microsoft VS Code\bin;C:\Program Files (x86)\jdk-25.0.2\bin;
USERNAME=habdi
OS=Windows_NT
PROCESSOR_IDENTIFIER=AMD64 Family 25 Model 68 Stepping 1, AuthenticAMD
TMP=C:\Users\habdi\AppData\Local\Temp
TEMP=C:\Users\habdi\AppData\Local\Temp




Periodic native trim disabled

---------------  S Y S T E M  ---------------

OS:
 Windows 11 , 64 bit Build 26100 (10.0.26100.7920)
OS uptime: 0 days 22:02 hours
Hyper-V role detected

CPU: total 16 (initial active 16) (16 cores per cpu, 2 threads per core) family 25 model 68 stepping 1 microcode 0xa404107, cx8, cmov, fxsr, ht, mmx, 3dnowpref, sse, sse2, sse3, ssse3, sse4a, sse4.1, sse4.2, popcnt, lzcnt, tsc, tscinvbit, avx, avx2, aes, erms, clmul, bmi1, bmi2, adx, sha, fma, vzeroupper, clflush, clflushopt, hv, rdtscp, rdpid, fsrm, f16c, cet_ss
Processor Information for processor 0
  Max Mhz: 3201, Current Mhz: 2502, Mhz Limit: 3201
Processor Information for processor 1
  Max Mhz: 3201, Current Mhz: 3201, Mhz Limit: 3201
Processor Information for processor 2
  Max Mhz: 3201, Current Mhz: 3201, Mhz Limit: 3201
Processor Information for processor 3
  Max Mhz: 3201, Current Mhz: 3201, Mhz Limit: 3201
Processor Information for processor 4
  Max Mhz: 3201, Current Mhz: 3201, Mhz Limit: 3201
Processor Information for processor 5
  Max Mhz: 3201, Current Mhz: 2502, Mhz Limit: 3201
Processor Information for processor 6
  Max Mhz: 3201, Current Mhz: 2502, Mhz Limit: 3201
Processor Information for processor 7
  Max Mhz: 3201, Current Mhz: 2502, Mhz Limit: 3201
Processor Information for processor 8
  Max Mhz: 3201, Current Mhz: 2502, Mhz Limit: 3201
Processor Information for processor 9
  Max Mhz: 3201, Current Mhz: 2502, Mhz Limit: 3201
Processor Information for processor 10
  Max Mhz: 3201, Current Mhz: 2502, Mhz Limit: 3201
Processor Information for processor 11
  Max Mhz: 3201, Current Mhz: 2502, Mhz Limit: 3201
Processor Information for processor 12
  Max Mhz: 3201, Current Mhz: 2502, Mhz Limit: 3201
Processor Information for processor 13
  Max Mhz: 3201, Current Mhz: 2502, Mhz Limit: 3201
Processor Information for processor 14
  Max Mhz: 3201, Current Mhz: 2502, Mhz Limit: 3201
Processor Information for processor 15
  Max Mhz: 3201, Current Mhz: 2502, Mhz Limit: 3201

Memory: 4k page, system-wide physical 5828M (387M free)
TotalPageFile size 24260M (AvailPageFile size 0M)
current process WorkingSet (physical memory assigned to process): 158M, peak: 158M
current process commit charge ("private bytes"): 305M, peak: 306M

vm_info: OpenJDK 64-Bit Server VM (21.0.10+7-LTS) for windows-amd64 JRE (21.0.10+7-LTS), built on 2026-01-20T00:00:00Z by "admin" with MS VC++ 17.12 (VS2022)

END.
